<?xml version="1.0" encoding="UTF-8"?>
<coverage generated="1674477398782" clover="3.2.0">
  <project timestamp="1674477398782" name="All files">
    <metrics statements="34" coveredstatements="34" conditionals="25" coveredconditionals="24" methods="4" coveredmethods="4" elements="63" coveredelements="62" complexity="0" loc="34" ncloc="34" packages="1" files="1" classes="1"/>
    <file name="checkWinner.js" path="/Users/jerryren/Documents/Jerry files for classes/For FullStackWeb 1/TicTokToe-CheckWinner/checkWinner.js">
      <metrics statements="34" coveredstatements="34" conditionals="25" coveredconditionals="24" methods="4" coveredmethods="4"/>
      <line num="1" count="1" type="stmt"/>
      <line num="2" count="1" type="stmt"/>
      <line num="4" count="4" type="stmt"/>
      <line num="5" count="4" type="stmt"/>
      <line num="9" count="10" type="stmt"/>
      <line num="10" count="93" type="cond" truecount="2" falsecount="0"/>
      <line num="12" count="93" type="cond" truecount="2" falsecount="0"/>
      <line num="13" count="83" type="stmt"/>
      <line num="14" count="139" type="cond" truecount="2" falsecount="0"/>
      <line num="16" count="5" type="stmt"/>
      <line num="18" count="10" type="stmt"/>
      <line num="19" count="17" type="cond" truecount="2" falsecount="0"/>
      <line num="21" count="17" type="cond" truecount="2" falsecount="0"/>
      <line num="23" count="13" type="stmt"/>
      <line num="24" count="23" type="cond" truecount="2" falsecount="0"/>
      <line num="25" count="10" type="stmt"/>
      <line num="27" count="3" type="stmt"/>
      <line num="29" count="10" type="stmt"/>
      <line num="30" count="10" type="stmt"/>
      <line num="31" count="59" type="stmt"/>
      <line num="32" count="59" type="stmt"/>
      <line num="33" count="59" type="cond" truecount="2" falsecount="0"/>
      <line num="34" count="24" type="cond" truecount="2" falsecount="0"/>
      <line num="36" count="14" type="stmt"/>
      <line num="37" count="48" type="stmt"/>
      <line num="38" count="48" type="cond" truecount="2" falsecount="0"/>
      <line num="39" count="45" type="stmt"/>
      <line num="40" count="45" type="cond" truecount="2" falsecount="0"/>
      <line num="43" count="9" type="stmt"/>
      <line num="44" count="9" type="cond" truecount="2" falsecount="0"/>
      <line num="45" count="8" type="stmt"/>
      <line num="46" count="8" type="cond" truecount="2" falsecount="0"/>
      <line num="48" count="2" type="stmt"/>
      <line num="60" count="1" type="stmt"/>
    </file>
  </project>
</coverage>
