{"/Users/jerryren/Documents/Jerry files for classes/For FullStackWeb 1/TicTokToe-CheckWinner/checkWinner.js": {"path":"/Users/jerryren/Documents/Jerry files for classes/For FullStackWeb 1/TicTokToe-CheckWinner/checkWinner.js","statementMap":{"0":{"start":{"line":1,"column":16},"end":{"line":1,"column":17}},"1":{"start":{"line":2,"column":21},"end":{"line":2,"column":22}},"2":{"start":{"line":4,"column":2},"end":{"line":4,"column":25}},"3":{"start":{"line":5,"column":2},"end":{"line":5,"column":35}},"4":{"start":{"line":9,"column":22},"end":{"line":17,"column":3}},"5":{"start":{"line":10,"column":20},"end":{"line":10,"column":56}},"6":{"start":{"line":12,"column":4},"end":{"line":12,"column":43}},"7":{"start":{"line":12,"column":31},"end":{"line":12,"column":43}},"8":{"start":{"line":13,"column":4},"end":{"line":15,"column":5}},"9":{"start":{"line":13,"column":17},"end":{"line":13,"column":18}},"10":{"start":{"line":14,"column":6},"end":{"line":14,"column":78}},"11":{"start":{"line":14,"column":66},"end":{"line":14,"column":78}},"12":{"start":{"line":16,"column":4},"end":{"line":16,"column":32}},"13":{"start":{"line":18,"column":21},"end":{"line":28,"column":3}},"14":{"start":{"line":19,"column":20},"end":{"line":19,"column":61}},"15":{"start":{"line":21,"column":4},"end":{"line":21,"column":43}},"16":{"start":{"line":21,"column":31},"end":{"line":21,"column":43}},"17":{"start":{"line":23,"column":4},"end":{"line":26,"column":5}},"18":{"start":{"line":23,"column":17},"end":{"line":23,"column":18}},"19":{"start":{"line":24,"column":6},"end":{"line":25,"column":20}},"20":{"start":{"line":25,"column":8},"end":{"line":25,"column":20}},"21":{"start":{"line":27,"column":4},"end":{"line":27,"column":32}},"22":{"start":{"line":29,"column":13},"end":{"line":29,"column":17}},"23":{"start":{"line":30,"column":2},"end":{"line":47,"column":3}},"24":{"start":{"line":30,"column":19},"end":{"line":30,"column":20}},"25":{"start":{"line":31,"column":14},"end":{"line":31,"column":29}},"26":{"start":{"line":32,"column":14},"end":{"line":32,"column":35}},"27":{"start":{"line":33,"column":4},"end":{"line":33,"column":44}},"28":{"start":{"line":33,"column":36},"end":{"line":33,"column":44}},"29":{"start":{"line":34,"column":4},"end":{"line":34,"column":44}},"30":{"start":{"line":34,"column":36},"end":{"line":34,"column":44}},"31":{"start":{"line":36,"column":4},"end":{"line":41,"column":5}},"32":{"start":{"line":36,"column":17},"end":{"line":36,"column":18}},"33":{"start":{"line":37,"column":6},"end":{"line":37,"column":50}},"34":{"start":{"line":38,"column":6},"end":{"line":38,"column":28}},"35":{"start":{"line":38,"column":16},"end":{"line":38,"column":28}},"36":{"start":{"line":39,"column":6},"end":{"line":39,"column":58}},"37":{"start":{"line":40,"column":6},"end":{"line":40,"column":28}},"38":{"start":{"line":40,"column":16},"end":{"line":40,"column":28}},"39":{"start":{"line":43,"column":4},"end":{"line":43,"column":44}},"40":{"start":{"line":44,"column":4},"end":{"line":44,"column":26}},"41":{"start":{"line":44,"column":14},"end":{"line":44,"column":26}},"42":{"start":{"line":45,"column":4},"end":{"line":45,"column":45}},"43":{"start":{"line":46,"column":4},"end":{"line":46,"column":26}},"44":{"start":{"line":46,"column":14},"end":{"line":46,"column":26}},"45":{"start":{"line":48,"column":2},"end":{"line":48,"column":14}},"46":{"start":{"line":60,"column":0},"end":{"line":60,"column":43}}},"fnMap":{"0":{"name":"setOrder","decl":{"start":{"line":3,"column":9},"end":{"line":3,"column":17}},"loc":{"start":{"line":3,"column":51},"end":{"line":6,"column":1}},"line":3},"1":{"name":"checkWinner","decl":{"start":{"line":8,"column":9},"end":{"line":8,"column":20}},"loc":{"start":{"line":8,"column":34},"end":{"line":49,"column":1}},"line":8},"2":{"name":"(anonymous_2)","decl":{"start":{"line":9,"column":22},"end":{"line":9,"column":23}},"loc":{"start":{"line":9,"column":53},"end":{"line":17,"column":3}},"line":9},"3":{"name":"(anonymous_3)","decl":{"start":{"line":18,"column":21},"end":{"line":18,"column":22}},"loc":{"start":{"line":18,"column":49},"end":{"line":28,"column":3}},"line":18}},"branchMap":{"0":{"loc":{"start":{"line":3,"column":30},"end":{"line":3,"column":49}},"type":"default-arg","locations":[{"start":{"line":3,"column":48},"end":{"line":3,"column":49}}],"line":3},"1":{"loc":{"start":{"line":10,"column":27},"end":{"line":10,"column":55}},"type":"cond-expr","locations":[{"start":{"line":10,"column":38},"end":{"line":10,"column":51}},{"start":{"line":10,"column":54},"end":{"line":10,"column":55}}],"line":10},"2":{"loc":{"start":{"line":12,"column":4},"end":{"line":12,"column":43}},"type":"if","locations":[{"start":{"line":12,"column":4},"end":{"line":12,"column":43}},{"start":{},"end":{}}],"line":12},"3":{"loc":{"start":{"line":14,"column":6},"end":{"line":14,"column":78}},"type":"if","locations":[{"start":{"line":14,"column":6},"end":{"line":14,"column":78}},{"start":{},"end":{}}],"line":14},"4":{"loc":{"start":{"line":19,"column":27},"end":{"line":19,"column":60}},"type":"cond-expr","locations":[{"start":{"line":19,"column":38},"end":{"line":19,"column":39}},{"start":{"line":19,"column":42},"end":{"line":19,"column":60}}],"line":19},"5":{"loc":{"start":{"line":21,"column":4},"end":{"line":21,"column":43}},"type":"if","locations":[{"start":{"line":21,"column":4},"end":{"line":21,"column":43}},{"start":{},"end":{}}],"line":21},"6":{"loc":{"start":{"line":24,"column":6},"end":{"line":25,"column":20}},"type":"if","locations":[{"start":{"line":24,"column":6},"end":{"line":25,"column":20}},{"start":{},"end":{}}],"line":24},"7":{"loc":{"start":{"line":33,"column":4},"end":{"line":33,"column":44}},"type":"if","locations":[{"start":{"line":33,"column":4},"end":{"line":33,"column":44}},{"start":{},"end":{}}],"line":33},"8":{"loc":{"start":{"line":34,"column":4},"end":{"line":34,"column":44}},"type":"if","locations":[{"start":{"line":34,"column":4},"end":{"line":34,"column":44}},{"start":{},"end":{}}],"line":34},"9":{"loc":{"start":{"line":38,"column":6},"end":{"line":38,"column":28}},"type":"if","locations":[{"start":{"line":38,"column":6},"end":{"line":38,"column":28}},{"start":{},"end":{}}],"line":38},"10":{"loc":{"start":{"line":40,"column":6},"end":{"line":40,"column":28}},"type":"if","locations":[{"start":{"line":40,"column":6},"end":{"line":40,"column":28}},{"start":{},"end":{}}],"line":40},"11":{"loc":{"start":{"line":44,"column":4},"end":{"line":44,"column":26}},"type":"if","locations":[{"start":{"line":44,"column":4},"end":{"line":44,"column":26}},{"start":{},"end":{}}],"line":44},"12":{"loc":{"start":{"line":46,"column":4},"end":{"line":46,"column":26}},"type":"if","locations":[{"start":{"line":46,"column":4},"end":{"line":46,"column":26}},{"start":{},"end":{}}],"line":46}},"s":{"0":1,"1":1,"2":4,"3":4,"4":10,"5":93,"6":93,"7":10,"8":83,"9":83,"10":139,"11":78,"12":5,"13":10,"14":17,"15":17,"16":4,"17":13,"18":13,"19":23,"20":10,"21":3,"22":10,"23":10,"24":10,"25":59,"26":59,"27":59,"28":35,"29":24,"30":10,"31":14,"32":14,"33":48,"34":48,"35":3,"36":45,"37":45,"38":2,"39":9,"40":9,"41":1,"42":8,"43":8,"44":2,"45":2,"46":1},"f":{"0":4,"1":10,"2":93,"3":17},"b":{"0":[0],"1":[48,45],"2":[10,83],"3":[78,61],"4":[9,8],"5":[4,13],"6":[10,13],"7":[35,24],"8":[10,14],"9":[3,45],"10":[2,43],"11":[1,8],"12":[2,6]},"_coverageSchema":"1a1c01bbd47fc00a2c39e90264f33305004495a9","hash":"854547d9f8005b6a8e297313cfe6b7fc805537a0"}
}
