{"C:\\Users\\W0428615\\Desktop\\Jerry Files\\For Course-FullStack\\TicTokToe-20230118\\checkWinner.js": {"path":"C:\\Users\\W0428615\\Desktop\\Jerry Files\\For Course-FullStack\\TicTokToe-20230118\\checkWinner.js","statementMap":{"0":{"start":{"line":58,"column":16},"end":{"line":58,"column":17}},"1":{"start":{"line":60,"column":4},"end":{"line":60,"column":26}},"2":{"start":{"line":64,"column":24},"end":{"line":72,"column":5}},"3":{"start":{"line":65,"column":22},"end":{"line":65,"column":54}},"4":{"start":{"line":66,"column":8},"end":{"line":66,"column":46}},"5":{"start":{"line":66,"column":35},"end":{"line":66,"column":46}},"6":{"start":{"line":67,"column":8},"end":{"line":70,"column":9}},"7":{"start":{"line":67,"column":21},"end":{"line":67,"column":22}},"8":{"start":{"line":68,"column":12},"end":{"line":69,"column":27}},"9":{"start":{"line":69,"column":16},"end":{"line":69,"column":27}},"10":{"start":{"line":71,"column":8},"end":{"line":71,"column":35}},"11":{"start":{"line":73,"column":23},"end":{"line":81,"column":5}},"12":{"start":{"line":74,"column":22},"end":{"line":74,"column":54}},"13":{"start":{"line":75,"column":8},"end":{"line":75,"column":46}},"14":{"start":{"line":75,"column":35},"end":{"line":75,"column":46}},"15":{"start":{"line":76,"column":8},"end":{"line":79,"column":9}},"16":{"start":{"line":76,"column":21},"end":{"line":76,"column":22}},"17":{"start":{"line":77,"column":12},"end":{"line":78,"column":27}},"18":{"start":{"line":78,"column":16},"end":{"line":78,"column":27}},"19":{"start":{"line":80,"column":8},"end":{"line":80,"column":35}},"20":{"start":{"line":82,"column":15},"end":{"line":82,"column":19}},"21":{"start":{"line":83,"column":4},"end":{"line":88,"column":5}},"22":{"start":{"line":83,"column":17},"end":{"line":83,"column":18}},"23":{"start":{"line":84,"column":8},"end":{"line":84,"column":45}},"24":{"start":{"line":85,"column":8},"end":{"line":85,"column":30}},"25":{"start":{"line":85,"column":18},"end":{"line":85,"column":30}},"26":{"start":{"line":86,"column":8},"end":{"line":86,"column":53}},"27":{"start":{"line":87,"column":8},"end":{"line":87,"column":30}},"28":{"start":{"line":87,"column":18},"end":{"line":87,"column":30}},"29":{"start":{"line":90,"column":4},"end":{"line":90,"column":37}},"30":{"start":{"line":91,"column":4},"end":{"line":91,"column":26}},"31":{"start":{"line":91,"column":14},"end":{"line":91,"column":26}},"32":{"start":{"line":92,"column":4},"end":{"line":92,"column":38}},"33":{"start":{"line":93,"column":4},"end":{"line":93,"column":26}},"34":{"start":{"line":93,"column":14},"end":{"line":93,"column":26}},"35":{"start":{"line":94,"column":4},"end":{"line":94,"column":16}},"36":{"start":{"line":108,"column":0},"end":{"line":108,"column":42}}},"fnMap":{"0":{"name":"setOrder","decl":{"start":{"line":59,"column":9},"end":{"line":59,"column":17}},"loc":{"start":{"line":59,"column":30},"end":{"line":61,"column":1}},"line":59},"1":{"name":"checkWinner","decl":{"start":{"line":63,"column":9},"end":{"line":63,"column":20}},"loc":{"start":{"line":63,"column":34},"end":{"line":95,"column":1}},"line":63},"2":{"name":"(anonymous_2)","decl":{"start":{"line":64,"column":24},"end":{"line":64,"column":25}},"loc":{"start":{"line":64,"column":49},"end":{"line":72,"column":5}},"line":64},"3":{"name":"(anonymous_3)","decl":{"start":{"line":73,"column":23},"end":{"line":73,"column":24}},"loc":{"start":{"line":73,"column":45},"end":{"line":81,"column":5}},"line":73}},"branchMap":{"0":{"loc":{"start":{"line":65,"column":22},"end":{"line":65,"column":54}},"type":"cond-expr","locations":[{"start":{"line":65,"column":34},"end":{"line":65,"column":47}},{"start":{"line":65,"column":52},"end":{"line":65,"column":53}}],"line":65},"1":{"loc":{"start":{"line":66,"column":8},"end":{"line":66,"column":46}},"type":"if","locations":[{"start":{"line":66,"column":8},"end":{"line":66,"column":46}},{"start":{},"end":{}}],"line":66},"2":{"loc":{"start":{"line":68,"column":12},"end":{"line":69,"column":27}},"type":"if","locations":[{"start":{"line":68,"column":12},"end":{"line":69,"column":27}},{"start":{},"end":{}}],"line":68},"3":{"loc":{"start":{"line":74,"column":22},"end":{"line":74,"column":54}},"type":"cond-expr","locations":[{"start":{"line":74,"column":34},"end":{"line":74,"column":35}},{"start":{"line":74,"column":40},"end":{"line":74,"column":53}}],"line":74},"4":{"loc":{"start":{"line":75,"column":8},"end":{"line":75,"column":46}},"type":"if","locations":[{"start":{"line":75,"column":8},"end":{"line":75,"column":46}},{"start":{},"end":{}}],"line":75},"5":{"loc":{"start":{"line":77,"column":12},"end":{"line":78,"column":27}},"type":"if","locations":[{"start":{"line":77,"column":12},"end":{"line":78,"column":27}},{"start":{},"end":{}}],"line":77},"6":{"loc":{"start":{"line":85,"column":8},"end":{"line":85,"column":30}},"type":"if","locations":[{"start":{"line":85,"column":8},"end":{"line":85,"column":30}},{"start":{},"end":{}}],"line":85},"7":{"loc":{"start":{"line":87,"column":8},"end":{"line":87,"column":30}},"type":"if","locations":[{"start":{"line":87,"column":8},"end":{"line":87,"column":30}},{"start":{},"end":{}}],"line":87},"8":{"loc":{"start":{"line":91,"column":4},"end":{"line":91,"column":26}},"type":"if","locations":[{"start":{"line":91,"column":4},"end":{"line":91,"column":26}},{"start":{},"end":{}}],"line":91},"9":{"loc":{"start":{"line":93,"column":4},"end":{"line":93,"column":26}},"type":"if","locations":[{"start":{"line":93,"column":4},"end":{"line":93,"column":26}},{"start":{},"end":{}}],"line":93}},"s":{"0":1,"1":3,"2":4,"3":31,"4":31,"5":2,"6":29,"7":29,"8":58,"9":27,"10":2,"11":4,"12":3,"13":3,"14":1,"15":2,"16":2,"17":6,"18":1,"19":1,"20":4,"21":4,"22":4,"23":16,"24":16,"25":1,"26":15,"27":15,"28":1,"29":2,"30":2,"31":1,"32":1,"33":1,"34":0,"35":1,"36":1},"f":{"0":3,"1":4,"2":31,"3":3},"b":{"0":[16,15],"1":[2,29],"2":[27,31],"3":[2,1],"4":[1,2],"5":[1,5],"6":[1,15],"7":[1,14],"8":[1,1],"9":[0,1]},"_coverageSchema":"1a1c01bbd47fc00a2c39e90264f33305004495a9","hash":"a6b0546987a4f69bdb188e569f68846618c5691a"}
}
