TN:
SF:checkWinner.js
FN:2,setOrder
FN:6,checkWinner
FN:7,(anonymous_2)
FN:15,(anonymous_3)
FNF:4
FNH:4
FNDA:3,setOrder
FNDA:8,checkWinner
FNDA:54,(anonymous_2)
FNDA:6,(anonymous_3)
DA:1,1
DA:3,3
DA:7,8
DA:8,54
DA:9,54
DA:10,52
DA:11,98
DA:13,4
DA:15,8
DA:16,6
DA:17,6
DA:18,5
DA:19,5
DA:20,13
DA:21,2
DA:23,3
DA:25,8
DA:26,8
DA:27,28
DA:28,28
DA:29,26
DA:30,26
DA:33,4
DA:34,4
DA:35,2
DA:36,2
DA:37,1
DA:40,1
DA:47,1
DA:49,1
LF:30
LH:30
BRDA:8,0,0,28
BRDA:8,0,1,26
BRDA:9,1,0,2
BRDA:9,1,1,52
BRDA:11,2,0,48
BRDA:11,2,1,50
BRDA:16,3,0,4
BRDA:16,3,1,2
BRDA:17,4,0,1
BRDA:17,4,1,5
BRDA:20,5,0,2
BRDA:20,5,1,11
BRDA:28,6,0,2
BRDA:28,6,1,26
BRDA:30,7,0,2
BRDA:30,7,1,24
BRDA:34,8,0,2
BRDA:34,8,1,2
BRDA:36,9,0,1
BRDA:36,9,1,1
BRF:20
BRH:20
end_of_record
