TN:
SF:checkWinner.js
FN:59,setOrder
FN:63,checkWinner
FN:64,(anonymous_2)
FN:73,(anonymous_3)
FNF:4
FNH:4
FNDA:3,setOrder
FNDA:4,checkWinner
FNDA:31,(anonymous_2)
FNDA:3,(anonymous_3)
DA:58,1
DA:60,3
DA:64,4
DA:65,31
DA:66,31
DA:67,29
DA:68,58
DA:69,27
DA:71,2
DA:73,4
DA:74,3
DA:75,3
DA:76,2
DA:77,6
DA:78,1
DA:80,1
DA:82,4
DA:83,4
DA:84,16
DA:85,16
DA:86,15
DA:87,15
DA:90,2
DA:91,2
DA:92,1
DA:93,1
DA:94,1
DA:108,1
LF:28
LH:28
BRDA:65,0,0,16
BRDA:65,0,1,15
BRDA:66,1,0,2
BRDA:66,1,1,29
BRDA:68,2,0,27
BRDA:68,2,1,31
BRDA:74,3,0,2
BRDA:74,3,1,1
BRDA:75,4,0,1
BRDA:75,4,1,2
BRDA:77,5,0,1
BRDA:77,5,1,5
BRDA:85,6,0,1
BRDA:85,6,1,15
BRDA:87,7,0,1
BRDA:87,7,1,14
BRDA:91,8,0,1
BRDA:91,8,1,1
BRDA:93,9,0,0
BRDA:93,9,1,1
BRF:20
BRH:19
end_of_record
